\BOOKMARK [1][-]{section*.1}{\376\377\000Q\000u\000e\000s\000t\000i\000o\000n\000\040\0001}{}% 1
\BOOKMARK [2][-]{section*.2}{\376\377\000a\000\051}{section*.1}% 2
\BOOKMARK [3][-]{section*.3}{\376\377\000i\000\051}{section*.2}% 3
\BOOKMARK [3][-]{section*.4}{\376\377\000i\000i\000\051}{section*.2}% 4
\BOOKMARK [2][-]{section*.5}{\376\377\000b}{section*.1}% 5
\BOOKMARK [3][-]{section*.6}{\376\377\000i\000\051}{section*.5}% 6
\BOOKMARK [3][-]{section*.7}{\376\377\000i\000i\000\051}{section*.5}% 7
\BOOKMARK [2][-]{section*.8}{\376\377\000c}{section*.1}% 8
\BOOKMARK [3][-]{section*.9}{\376\377\000i\000\051}{section*.8}% 9
\BOOKMARK [3][-]{section*.10}{\376\377\000i\000i\000\051}{section*.8}% 10
\BOOKMARK [1][-]{section*.11}{\376\377\000Q\000u\000e\000s\000t\000i\000o\000n\000\040\0002}{}% 11
\BOOKMARK [2][-]{section*.12}{\376\377\000a}{section*.11}% 12
\BOOKMARK [3][-]{section*.13}{\376\377\000i\000\051}{section*.12}% 13
\BOOKMARK [3][-]{section*.14}{\376\377\000i\000i\000\051}{section*.12}% 14
\BOOKMARK [2][-]{section*.15}{\376\377\000b}{section*.11}% 15
\BOOKMARK [2][-]{section*.16}{\376\377\000c}{section*.11}% 16
\BOOKMARK [1][-]{section*.17}{\376\377\000Q\000u\000e\000s\000t\000i\000o\000n\000\040\0003}{}% 17
\BOOKMARK [2][-]{section*.18}{\376\377\000a\000\051\000\040\000F\000i\000t\000t\000i\000n\000g\000\040\000p\000o\000i\000s\000s\000o\000n\000\040\000g\000l\000m}{section*.17}% 18
\BOOKMARK [2][-]{section*.19}{\376\377\000b\000\051\000\040\000c\000o\000v\000e\000r\000a\000g\000e\000\040\000p\000r\000o\000b\000a\000b\000i\000l\000i\000t\000y\000\040\000f\000o\000r\000\040\0002\000S\000E\000\040\000o\000n\000\040\000x}{section*.17}% 19
\BOOKMARK [2][-]{section*.20}{\376\377\000c\000\051\000\040\000W\000a\000l\000d\000\040\000t\000e\000s\000t\000s}{section*.17}% 20
\BOOKMARK [2][-]{section*.21}{\376\377\000d\000\051}{section*.17}% 21
\BOOKMARK [3][-]{section*.22}{\376\377\000G\000L\000M\000s}{section*.21}% 22
\BOOKMARK [3][-]{section*.23}{\376\377\000C\000o\000v\000e\000r\000a\000g\000e\000\040\000p\000r\000o\000b\000a\000b\000i\000l\000i\000t\000i\000e\000s\000:}{section*.21}% 23
\BOOKMARK [3][-]{section*.24}{\376\377\000W\000a\000l\000d\000\040\000t\000e\000s\000t\000s\000:}{section*.21}% 24
\BOOKMARK [2][-]{section*.25}{\376\377\000e\000\051}{section*.17}% 25
\BOOKMARK [1][-]{section*.26}{\376\377\000Q\000u\000e\000s\000t\000i\000o\000n\000\040\0004}{}% 26
\BOOKMARK [2][-]{section*.27}{\376\377\000a\000\051\000\040\000-\000\040\000E\000D\000A}{section*.26}% 27
